{"level":30,"time":"15-Jan-2023 01:02:10 010","pid":20316,"hostname":"MSI","name":"UNIT-TEST","msg":"Server started on port 5000 "}
{"level":30,"time":"15-Jan-2023 01:02:28 028","pid":12560,"hostname":"MSI","name":"UNIT-TEST","msg":"Server started on port 5000 "}
{"level":30,"time":"15-Jan-2023 01:02:35 035","pid":12696,"hostname":"MSI","name":"UNIT-TEST","msg":"Server started on port 5000 "}
{"level":30,"time":"15-Jan-2023 01:06:34 034","pid":10120,"hostname":"MSI","name":"UNIT-TEST","msg":"Server started on port 5000 "}
{"level":30,"time":"15-Jan-2023 01:07:36 036","pid":12676,"hostname":"MSI","name":"app-name","msg":"Server started on port 5000, "}
{"level":30,"time":"15-Jan-2023 01:09:20 020","pid":7572,"hostname":"MSI","name":"UNIT-TEST","msg":"Server started on port 5000 "}
{"level":30,"time":"15-Jan-2023 01:09:32 032","pid":20324,"hostname":"MSI","name":"UNIT-TEST","msg":"Server started on port 5000 "}
{"level":30,"time":"15-Jan-2023 01:09:42 042","pid":16336,"hostname":"MSI","name":"UNIT-TEST","msg":"Server started on port 5000 "}
{"level":30,"time":"15-Jan-2023 01:10:31 031","pid":3936,"hostname":"MSI","name":"UNIT-TEST","msg":"Server started on port 5000 "}
{"level":30,"time":"15-Jan-2023 01:10:51 051","pid":9628,"hostname":"MSI","name":"UNIT-TEST","msg":"Server started on port 5000 "}
{"level":30,"time":"15-Jan-2023 01:11:20 020","pid":19592,"hostname":"MSI","name":"UNIT-TEST","msg":"Server started on port 5000 "}
{"level":30,"time":"15-Jan-2023 01:11:23 023","pid":11236,"hostname":"MSI","name":"UNIT-TEST","msg":"Server started on port 5000 "}
{"level":30,"time":"15-Jan-2023 01:11:47 047","pid":1644,"hostname":"MSI","name":"UNIT-TEST","msg":"Server started on port 5000 "}
{"level":30,"time":"15-Jan-2023 01:11:55 055","pid":19884,"hostname":"MSI","name":"UNIT-TEST","msg":"Server started on port 5000 "}
{"level":30,"time":"15-Jan-2023 01:12:29 029","pid":6656,"hostname":"MSI","name":"UNIT-TEST","msg":"Server started on port 5000 "}
{"level":30,"time":"15-Jan-2023 01:12:41 041","pid":8504,"hostname":"MSI","name":"UNIT-TEST","msg":"Server started on port 5000 "}
{"level":30,"time":"15-Jan-2023 01:12:45 045","pid":8056,"hostname":"MSI","name":"UNIT-TEST","msg":"Server started on port 5000 "}
{"level":30,"time":"15-Jan-2023 01:12:50 050","pid":20080,"hostname":"MSI","name":"UNIT-TEST","msg":"Server started on port 5000 "}
{"level":30,"time":"15-Jan-2023 01:12:58 058","pid":10280,"hostname":"MSI","name":"UNIT-TEST","msg":"Server started on port 5000 "}
{"level":30,"time":"15-Jan-2023 01:13:19 019","pid":7396,"hostname":"MSI","name":"UNIT-TEST","msg":"Server started on port 5000 "}
{"level":30,"time":"15-Jan-2023 01:13:34 034","pid":17864,"hostname":"MSI","name":"UNIT-TEST","msg":"Server started on port 5000 "}
{"level":30,"time":"15-Jan-2023 01:13:41 041","pid":11828,"hostname":"MSI","name":"UNIT-TEST","msg":"Server started on port 5000 "}
{"level":30,"time":"15-Jan-2023 01:13:47 047","pid":7040,"hostname":"MSI","name":"UNIT-TEST","msg":"Server started on port 5000 "}
{"level":30,"time":"15-Jan-2023 01:13:50 050","pid":20588,"hostname":"MSI","name":"UNIT-TEST","msg":"Server started on port 5000 "}
{"level":30,"time":"15-Jan-2023 01:13:55 055","pid":15948,"hostname":"MSI","name":"UNIT-TEST","msg":"Server started on port 5000 "}
{"level":30,"time":"15-Jan-2023 01:14:02 002","pid":14012,"hostname":"MSI","name":"UNIT-TEST","msg":"Server started on port 5000 "}
{"level":30,"time":"15-Jan-2023 01:14:15 015","pid":13868,"hostname":"MSI","name":"UNIT-TEST","msg":"Server started on port 5000 "}
{"level":30,"time":"15-Jan-2023 01:14:35 035","pid":12964,"hostname":"MSI","name":"UNIT-TEST","msg":"Server started on port 5000 "}
{"level":30,"time":"15-Jan-2023 01:14:39 039","pid":12188,"hostname":"MSI","name":"UNIT-TEST","msg":"Server started on port 5000 "}
{"level":30,"time":"15-Jan-2023 01:14:44 044","pid":8816,"hostname":"MSI","name":"UNIT-TEST","msg":"Server started on port 5000 "}
{"level":30,"time":"15-Jan-2023 01:14:48 048","pid":21244,"hostname":"MSI","name":"UNIT-TEST","msg":"Server started on port 5000 "}
{"level":30,"time":"15-Jan-2023 01:14:53 053","pid":21416,"hostname":"MSI","name":"UNIT-TEST","msg":"Server started on port 5000 "}
{"level":30,"time":"15-Jan-2023 01:15:03 003","pid":9840,"hostname":"MSI","name":"UNIT-TEST","msg":"Server started on port 5000 "}
{"level":30,"time":"15-Jan-2023 01:15:08 008","pid":18912,"hostname":"MSI","name":"UNIT-TEST","msg":"Server started on port 5000 "}
{"level":30,"time":"15-Jan-2023 01:15:16 016","pid":2436,"hostname":"MSI","name":"UNIT-TEST","msg":"Server started on port 5000 "}
{"level":30,"time":"15-Jan-2023 01:15:23 023","pid":9224,"hostname":"MSI","name":"UNIT-TEST","msg":"Server started on port 5000 "}
{"level":30,"time":"15-Jan-2023 01:15:34 034","pid":10096,"hostname":"MSI","name":"UNIT-TEST","msg":"Server started on port 5000 "}
{"level":30,"time":"15-Jan-2023 01:15:38 038","pid":16032,"hostname":"MSI","name":"UNIT-TEST","msg":"Server started on port 5000 "}
{"level":30,"time":"15-Jan-2023 01:15:54 054","pid":9100,"hostname":"MSI","name":"UNIT-TEST","msg":"Server started on port 5000 "}
{"level":30,"time":"15-Jan-2023 01:16:19 019","pid":3872,"hostname":"MSI","name":"UNIT-TEST","msg":"Server started on port 5000 "}
{"level":30,"time":"15-Jan-2023 01:16:23 023","pid":18740,"hostname":"MSI","name":"UNIT-TEST","msg":"Server started on port 5000 "}
{"level":30,"time":"15-Jan-2023 01:16:29 029","pid":348,"hostname":"MSI","name":"UNIT-TEST","msg":"Server started on port 5000 "}
{"level":30,"time":"15-Jan-2023 01:16:44 044","pid":16276,"hostname":"MSI","name":"UNIT-TEST","msg":"Server started on port 5000 "}
{"level":30,"time":"15-Jan-2023 01:16:51 051","pid":2592,"hostname":"MSI","name":"UNIT-TEST","msg":"Server started on port 5000 "}
{"level":30,"time":"15-Jan-2023 01:16:59 059","pid":20424,"hostname":"MSI","name":"UNIT-TEST","msg":"Server started on port 5000 "}
{"level":30,"time":"15-Jan-2023 01:17:02 002","pid":19772,"hostname":"MSI","name":"UNIT-TEST","msg":"Server started on port 5000 "}
{"level":30,"time":"15-Jan-2023 01:17:08 008","pid":21240,"hostname":"MSI","name":"UNIT-TEST","msg":"Server started on port 5000 "}
{"level":30,"time":"15-Jan-2023 01:17:11 011","pid":17748,"hostname":"MSI","name":"UNIT-TEST","msg":"Server started on port 5000 "}
{"level":30,"time":"15-Jan-2023 01:17:17 017","pid":12028,"hostname":"MSI","name":"UNIT-TEST","msg":"Server started on port 5000 "}
{"level":30,"time":"15-Jan-2023 01:17:57 057","pid":12340,"hostname":"MSI","name":"UNIT-TEST","msg":"Server started on port 5000 "}
{"level":30,"time":"15-Jan-2023 01:18:03 003","pid":15948,"hostname":"MSI","name":"UNIT-TEST","msg":"Server started on port 5000 "}
{"level":30,"time":"15-Jan-2023 01:18:11 011","pid":11740,"hostname":"MSI","name":"UNIT-TEST","msg":"Server started on port 5000 "}
{"level":30,"time":"15-Jan-2023 01:18:15 015","pid":17024,"hostname":"MSI","name":"UNIT-TEST","msg":"Server started on port 5000 "}
{"level":30,"time":"15-Jan-2023 01:18:18 018","pid":13504,"hostname":"MSI","name":"UNIT-TEST","msg":"Server started on port 5000 "}
{"level":30,"time":"15-Jan-2023 01:18:21 021","pid":21388,"hostname":"MSI","name":"UNIT-TEST","msg":"Server started on port 5000 "}
{"level":30,"time":"15-Jan-2023 01:18:25 025","pid":17864,"hostname":"MSI","name":"UNIT-TEST","msg":"Server started on port 5000 "}
{"level":30,"time":"15-Jan-2023 01:18:31 031","pid":1240,"hostname":"MSI","name":"UNIT-TEST","msg":"Server started on port 5000 "}
{"level":30,"time":"15-Jan-2023 01:18:37 037","pid":2780,"hostname":"MSI","name":"UNIT-TEST","msg":"Server started on port 5000 "}
{"level":30,"time":"15-Jan-2023 01:18:39 039","pid":13280,"hostname":"MSI","name":"UNIT-TEST","msg":"Server started on port 5000 "}
{"level":30,"time":"15-Jan-2023 01:18:48 048","pid":9728,"hostname":"MSI","name":"UNIT-TEST","msg":"Server started on port 5000 "}
{"level":30,"time":"15-Jan-2023 01:18:51 051","pid":20488,"hostname":"MSI","name":"UNIT-TEST","msg":"Server started on port 5000 "}
{"level":30,"time":"15-Jan-2023 01:19:05 005","pid":14496,"hostname":"MSI","name":"UNIT-TEST","msg":"Server started on port 5000 "}
{"level":30,"time":"15-Jan-2023 01:19:10 010","pid":13880,"hostname":"MSI","name":"UNIT-TEST","msg":"Server started on port 5000 "}
{"level":30,"time":"15-Jan-2023 01:19:14 014","pid":13976,"hostname":"MSI","name":"UNIT-TEST","msg":"Server started on port 5000 "}
{"level":30,"time":"15-Jan-2023 01:19:19 019","pid":12348,"hostname":"MSI","name":"UNIT-TEST","msg":"Server started on port 5000 "}
{"level":30,"time":"15-Jan-2023 01:19:45 045","pid":13076,"hostname":"MSI","name":"UNIT-TEST","msg":"Server started on port 5000 "}
{"level":30,"time":"15-Jan-2023 01:19:48 048","pid":17872,"hostname":"MSI","name":"UNIT-TEST","msg":"Server started on port 5000 "}
{"level":30,"time":"15-Jan-2023 01:20:07 007","pid":7520,"hostname":"MSI","name":"UNIT-TEST","msg":"Server started on port 5000 "}
{"level":30,"time":"15-Jan-2023 01:34:53 053","pid":10308,"hostname":"MSI","name":"UNIT-TEST","msg":"Server started on port 5000 "}
{"level":30,"time":"15-Jan-2023 01:36:17 017","pid":21028,"hostname":"MSI","name":"UNIT-TEST","msg":"connected to database successfully"}
{"level":30,"time":"15-Jan-2023 01:36:17 017","pid":21028,"hostname":"MSI","name":"UNIT-TEST","msg":"Server started on port 5000 "}
{"level":30,"time":"15-Jan-2023 01:36:20 020","pid":15824,"hostname":"MSI","name":"UNIT-TEST","msg":"connected to database successfully"}
{"level":30,"time":"15-Jan-2023 01:36:20 020","pid":15824,"hostname":"MSI","name":"UNIT-TEST","msg":"Server started on port 5000 "}
{"level":30,"time":"15-Jan-2023 01:36:25 025","pid":3116,"hostname":"MSI","name":"UNIT-TEST","msg":"connected to database successfully"}
{"level":30,"time":"15-Jan-2023 01:36:25 025","pid":3116,"hostname":"MSI","name":"UNIT-TEST","msg":"Server started on port 5000 "}
{"level":30,"time":"15-Jan-2023 01:36:29 029","pid":18064,"hostname":"MSI","name":"UNIT-TEST","msg":"connected to database successfully"}
{"level":30,"time":"15-Jan-2023 01:36:29 029","pid":18064,"hostname":"MSI","name":"UNIT-TEST","msg":"Server started on port 5000 "}
{"level":30,"time":"15-Jan-2023 01:36:34 034","pid":20444,"hostname":"MSI","name":"UNIT-TEST","msg":"connected to database successfully"}
{"level":30,"time":"15-Jan-2023 01:36:34 034","pid":20444,"hostname":"MSI","name":"UNIT-TEST","msg":"Server started on port 5000 "}
{"level":30,"time":"15-Jan-2023 01:36:59 059","pid":10200,"hostname":"MSI","name":"UNIT-TEST","msg":"connected to database successfully"}
{"level":30,"time":"15-Jan-2023 01:36:59 059","pid":10200,"hostname":"MSI","name":"UNIT-TEST","msg":"Server started on port 5000 "}
{"level":30,"time":"15-Jan-2023 01:37:39 039","pid":20376,"hostname":"MSI","name":"UNIT-TEST","msg":"connected to database successfully"}
{"level":30,"time":"15-Jan-2023 01:37:39 039","pid":20376,"hostname":"MSI","name":"UNIT-TEST","msg":"Server started on port 5000 "}
{"level":30,"time":"15-Jan-2023 01:38:12 012","pid":12068,"hostname":"MSI","name":"UNIT-TEST","msg":"connected to database successfully"}
{"level":30,"time":"15-Jan-2023 01:38:12 012","pid":12068,"hostname":"MSI","name":"UNIT-TEST","msg":"Server started on port 5000 "}
{"level":30,"time":"15-Jan-2023 01:38:36 036","pid":21464,"hostname":"MSI","name":"UNIT-TEST","msg":"connected to database successfully"}
{"level":30,"time":"15-Jan-2023 01:38:36 036","pid":21464,"hostname":"MSI","name":"UNIT-TEST","msg":"Server started on port 5000 "}
{"level":30,"time":"15-Jan-2023 01:38:42 042","pid":15824,"hostname":"MSI","name":"UNIT-TEST","msg":"connected to database successfully"}
{"level":30,"time":"15-Jan-2023 01:38:42 042","pid":15824,"hostname":"MSI","name":"UNIT-TEST","msg":"Server started on port 5000 "}
{"level":30,"time":"15-Jan-2023 01:38:57 057","pid":15528,"hostname":"MSI","name":"UNIT-TEST","msg":"[object Object] connected to database successfully'"}
{"level":30,"time":"15-Jan-2023 01:38:57 057","pid":15528,"hostname":"MSI","name":"UNIT-TEST","msg":"Server started on port 5000 "}
{"level":30,"time":"15-Jan-2023 01:39:08 008","pid":16500,"hostname":"MSI","name":"UNIT-TEST","msg":"[object Object] connected to database successfully'"}
{"level":30,"time":"15-Jan-2023 01:39:08 008","pid":16500,"hostname":"MSI","name":"UNIT-TEST","msg":"Server started on port 5000 "}
{"level":30,"time":"15-Jan-2023 01:39:54 054","pid":17808,"hostname":"MSI","name":"UNIT-TEST","msg":"[object Object] connected to database successfully'"}
{"level":30,"time":"15-Jan-2023 01:39:54 054","pid":17808,"hostname":"MSI","name":"UNIT-TEST","msg":"Server started on port 5000 "}
{"level":30,"time":"15-Jan-2023 01:40:07 007","pid":2332,"hostname":"MSI","name":"UNIT-TEST","msg":"[object Object] connected to database successfully'"}
{"level":30,"time":"15-Jan-2023 01:40:07 007","pid":2332,"hostname":"MSI","name":"UNIT-TEST","msg":"Server started on port 5000 "}
{"level":30,"time":"15-Jan-2023 01:40:36 036","pid":10744,"hostname":"MSI","name":"UNIT-TEST","msg":"[object Object] connected to database successfully'"}
{"level":30,"time":"15-Jan-2023 01:40:36 036","pid":10744,"hostname":"MSI","name":"UNIT-TEST","msg":"Server started on port 5000 "}
{"level":30,"time":"15-Jan-2023 01:40:55 055","pid":21140,"hostname":"MSI","name":"UNIT-TEST","msg":"[object Object] connected to database successfully'"}
{"level":30,"time":"15-Jan-2023 01:40:55 055","pid":21140,"hostname":"MSI","name":"UNIT-TEST","msg":"Server started on port 5000 "}
{"level":30,"time":"15-Jan-2023 01:41:00 000","pid":15736,"hostname":"MSI","name":"UNIT-TEST","msg":"[object Object] connected to database successfully'"}
{"level":30,"time":"15-Jan-2023 01:41:00 000","pid":15736,"hostname":"MSI","name":"UNIT-TEST","msg":"Server started on port 5000 "}
{"level":30,"time":"15-Jan-2023 01:41:09 009","pid":20736,"hostname":"MSI","name":"UNIT-TEST","msg":"[object Object] connected to database successfully'"}
{"level":30,"time":"15-Jan-2023 01:41:09 009","pid":20736,"hostname":"MSI","name":"UNIT-TEST","msg":"Server started on port 5000 "}
{"level":30,"time":"15-Jan-2023 01:41:17 017","pid":12172,"hostname":"MSI","name":"UNIT-TEST","msg":"[object Object] connected to database successfully'"}
{"level":30,"time":"15-Jan-2023 01:41:17 017","pid":12172,"hostname":"MSI","name":"UNIT-TEST","msg":"Server started on port 5000 "}
{"level":30,"time":"15-Jan-2023 01:41:46 046","pid":12568,"hostname":"MSI","name":"UNIT-TEST","msg":"[object Object] connected to database successfully'"}
{"level":30,"time":"15-Jan-2023 01:41:46 046","pid":12568,"hostname":"MSI","name":"UNIT-TEST","msg":"Server started on port 5000 "}
{"level":30,"time":"15-Jan-2023 01:42:15 015","pid":15900,"hostname":"MSI","name":"UNIT-TEST","msg":"[object Object] connected to database successfully'"}
{"level":30,"time":"15-Jan-2023 01:42:15 015","pid":15900,"hostname":"MSI","name":"UNIT-TEST","msg":"Server started on port 5000 "}
{"level":30,"time":"15-Jan-2023 01:42:25 025","pid":21416,"hostname":"MSI","name":"UNIT-TEST","msg":"[object Object] connected to database successfully'"}
{"level":30,"time":"15-Jan-2023 01:42:25 025","pid":21416,"hostname":"MSI","name":"UNIT-TEST","msg":"Server started on port 5000 "}
{"level":30,"time":"15-Jan-2023 01:42:30 030","pid":9756,"hostname":"MSI","name":"UNIT-TEST","msg":"localhost connected to database successfully'"}
{"level":30,"time":"15-Jan-2023 01:42:30 030","pid":9756,"hostname":"MSI","name":"UNIT-TEST","msg":"Server started on port 5000 "}
{"level":30,"time":"15-Jan-2023 01:42:33 033","pid":15572,"hostname":"MSI","name":"UNIT-TEST","msg":"localhost connected to database successfully'"}
{"level":30,"time":"15-Jan-2023 01:42:33 033","pid":15572,"hostname":"MSI","name":"UNIT-TEST","msg":"Server started on port 5000 "}
{"level":30,"time":"15-Jan-2023 01:42:37 037","pid":18192,"hostname":"MSI","name":"UNIT-TEST","msg":"localhost/ connected to database successfully'"}
{"level":30,"time":"15-Jan-2023 01:42:37 037","pid":18192,"hostname":"MSI","name":"UNIT-TEST","msg":"Server started on port 5000 "}
{"level":30,"time":"15-Jan-2023 01:42:42 042","pid":10200,"hostname":"MSI","name":"UNIT-TEST","msg":"localhost/db.connections[0]?.host connected to database successfully'"}
{"level":30,"time":"15-Jan-2023 01:42:42 042","pid":10200,"hostname":"MSI","name":"UNIT-TEST","msg":"Server started on port 5000 "}
{"level":30,"time":"15-Jan-2023 01:42:57 057","pid":10220,"hostname":"MSI","name":"UNIT-TEST","msg":"localhost/unit-test connected to database successfully'"}
{"level":30,"time":"15-Jan-2023 01:42:57 057","pid":10220,"hostname":"MSI","name":"UNIT-TEST","msg":"Server started on port 5000 "}
{"level":30,"time":"15-Jan-2023 01:43:15 015","pid":2996,"hostname":"MSI","name":"UNIT-TEST","msg":"Connected to database successfully'"}
{"level":30,"time":"15-Jan-2023 01:43:15 015","pid":2996,"hostname":"MSI","name":"UNIT-TEST","msg":"Server started on port 5000 "}
{"level":30,"time":"15-Jan-2023 01:43:20 020","pid":9664,"hostname":"MSI","name":"UNIT-TEST","msg":"Connected to database - localhost/unit-test successfully'"}
{"level":30,"time":"15-Jan-2023 01:43:20 020","pid":9664,"hostname":"MSI","name":"UNIT-TEST","msg":"Server started on port 5000 "}
{"level":30,"time":"15-Jan-2023 01:44:08 008","pid":11276,"hostname":"MSI","name":"UNIT-TEST","msg":"Connected to database - localhost/unit-test successfully'"}
{"level":30,"time":"15-Jan-2023 01:44:08 008","pid":11276,"hostname":"MSI","name":"UNIT-TEST","msg":"Server started on port 5000 "}
{"level":30,"time":"15-Jan-2023 01:44:14 014","pid":18996,"hostname":"MSI","name":"UNIT-TEST","msg":"Connected to database - localhost/unit-test successfully'"}
{"level":30,"time":"15-Jan-2023 01:44:14 014","pid":18996,"hostname":"MSI","name":"UNIT-TEST","msg":"Server started on port 5000 "}
{"level":30,"time":"15-Jan-2023 01:44:24 024","pid":15900,"hostname":"MSI","name":"UNIT-TEST","msg":"Connected to database - localhost/UNIT-TEST successfully'"}
{"level":30,"time":"15-Jan-2023 01:44:24 024","pid":15900,"hostname":"MSI","name":"UNIT-TEST","msg":"Server started on port 5000 "}
{"level":30,"time":"15-Jan-2023 01:44:39 039","pid":18728,"hostname":"MSI","name":"UNIT-TEST","msg":"Connected to database - localhost/UNIT-TEST successfully'"}
{"level":30,"time":"15-Jan-2023 01:44:39 039","pid":18728,"hostname":"MSI","name":"UNIT-TEST","msg":"Server started on port 5000 "}
{"level":30,"time":"15-Jan-2023 01:44:58 058","pid":18928,"hostname":"MSI","name":"UNIT-TEST","msg":"Connected to database - localhost/UNIT-TEST successfully'"}
{"level":30,"time":"15-Jan-2023 01:44:58 058","pid":18928,"hostname":"MSI","name":"UNIT-TEST","msg":"Server started on port 5000 "}
{"level":30,"time":"15-Jan-2023 01:45:04 004","pid":20600,"hostname":"MSI","name":"UNIT-TEST","msg":"Connected to database - localhost/UNIT-TEST successfully'"}
{"level":30,"time":"15-Jan-2023 01:45:04 004","pid":20600,"hostname":"MSI","name":"UNIT-TEST","msg":"Server started on port 5000 "}
{"level":30,"time":"15-Jan-2023 01:45:07 007","pid":21328,"hostname":"MSI","name":"UNIT-TEST","msg":"Connected to database - localhost/UNIT-TEST successfully'"}
{"level":30,"time":"15-Jan-2023 01:45:07 007","pid":21328,"hostname":"MSI","name":"UNIT-TEST","msg":"Server started on port 5000 "}
{"level":30,"time":"15-Jan-2023 01:46:14 014","pid":9412,"hostname":"MSI","name":"UNIT-TEST","msg":"Connected to database - localhost/UNIT-TEST successfully'"}
{"level":30,"time":"15-Jan-2023 01:46:14 014","pid":9412,"hostname":"MSI","name":"UNIT-TEST","msg":"Server started on port 5000 "}
{"level":30,"time":"15-Jan-2023 01:46:22 022","pid":3608,"hostname":"MSI","name":"UNIT-TEST","msg":"Connected to database - localhost/UNIT-TEST successfully'"}
{"level":30,"time":"15-Jan-2023 01:46:22 022","pid":3608,"hostname":"MSI","name":"UNIT-TEST","msg":"Server started on port 5000 "}
{"level":30,"time":"15-Jan-2023 01:46:29 029","pid":13680,"hostname":"MSI","name":"UNIT-TEST","msg":"Connected to database - localhost/UNIT-TEST successfully'"}
{"level":30,"time":"15-Jan-2023 01:46:29 029","pid":13680,"hostname":"MSI","name":"UNIT-TEST","msg":"Server started on port 5000 "}
{"level":30,"time":"15-Jan-2023 01:47:05 005","pid":588,"hostname":"MSI","name":"UNIT-TEST","msg":"Connected to database - localhost/UNIT-TEST successfully'"}
{"level":30,"time":"15-Jan-2023 01:47:05 005","pid":588,"hostname":"MSI","name":"UNIT-TEST","msg":"Server started on port 5000 "}
{"level":30,"time":"15-Jan-2023 01:48:44 044","pid":9732,"hostname":"MSI","name":"UNIT-TEST","msg":"Connected to database - localhost/UNIT-TEST successfully'"}
{"level":30,"time":"15-Jan-2023 01:48:44 044","pid":9732,"hostname":"MSI","name":"UNIT-TEST","msg":"Server started on port 5000 "}
{"level":30,"time":"15-Jan-2023 01:48:57 057","pid":10692,"hostname":"MSI","name":"UNIT-TEST","msg":"Connected to database - localhost/UNIT-TEST successfully'"}
{"level":30,"time":"15-Jan-2023 01:48:57 057","pid":10692,"hostname":"MSI","name":"UNIT-TEST","msg":"Server started on port 5000 "}
{"level":30,"time":"15-Jan-2023 01:49:00 000","pid":14148,"hostname":"MSI","name":"UNIT-TEST","msg":"Connected to database - localhost/UNIT-TEST successfully'"}
{"level":30,"time":"15-Jan-2023 01:49:00 000","pid":14148,"hostname":"MSI","name":"UNIT-TEST","msg":"Server started on port 5000 "}
{"level":30,"time":"15-Jan-2023 01:49:41 041","pid":21096,"hostname":"MSI","name":"UNIT-TEST","msg":"Connected to database - localhost/UNIT-TEST successfully'"}
{"level":30,"time":"15-Jan-2023 01:49:41 041","pid":21096,"hostname":"MSI","name":"UNIT-TEST","msg":"Server started on port 5000 "}
{"level":30,"time":"15-Jan-2023 01:49:53 053","pid":17948,"hostname":"MSI","name":"UNIT-TEST","msg":"Connected to database - localhost/UNIT-TEST successfully'"}
{"level":30,"time":"15-Jan-2023 01:49:53 053","pid":17948,"hostname":"MSI","name":"UNIT-TEST","msg":"Server started on port 5000 "}
{"level":30,"time":"15-Jan-2023 01:50:07 007","pid":21424,"hostname":"MSI","name":"UNIT-TEST","msg":"Connected to database - localhost/UNIT-TEST successfully'"}
{"level":30,"time":"15-Jan-2023 01:50:07 007","pid":21424,"hostname":"MSI","name":"UNIT-TEST","msg":"Server started on port 5000 "}
{"level":30,"time":"15-Jan-2023 01:50:11 011","pid":10680,"hostname":"MSI","name":"UNIT-TEST","msg":"Connected to database - localhost/UNIT-TEST successfully'"}
{"level":30,"time":"15-Jan-2023 01:50:11 011","pid":10680,"hostname":"MSI","name":"UNIT-TEST","msg":"Server started on port 5000 "}
{"level":30,"time":"15-Jan-2023 01:50:16 016","pid":19556,"hostname":"MSI","name":"UNIT-TEST","msg":"Connected to database - localhost/UNIT-TEST successfully'"}
{"level":30,"time":"15-Jan-2023 01:50:16 016","pid":19556,"hostname":"MSI","name":"UNIT-TEST","msg":"Server started on port 5000 "}
{"level":30,"time":"15-Jan-2023 01:50:30 030","pid":13948,"hostname":"MSI","name":"UNIT-TEST","msg":"Connected to database - localhost/UNIT-TEST successfully'"}
{"level":30,"time":"15-Jan-2023 01:50:30 030","pid":13948,"hostname":"MSI","name":"UNIT-TEST","msg":"Server started on port 5000 "}
{"level":30,"time":"15-Jan-2023 01:50:44 044","pid":1296,"hostname":"MSI","name":"UNIT-TEST","msg":"Connected to database - localhost/UNIT-TEST successfully'"}
{"level":30,"time":"15-Jan-2023 01:50:44 044","pid":1296,"hostname":"MSI","name":"UNIT-TEST","msg":"Server started on port 5000 "}
{"level":30,"time":"15-Jan-2023 01:50:48 048","pid":9996,"hostname":"MSI","name":"UNIT-TEST","msg":"Connected to database - localhost/UNIT-TEST successfully'"}
{"level":30,"time":"15-Jan-2023 01:50:48 048","pid":9996,"hostname":"MSI","name":"UNIT-TEST","msg":"Server started on port 5000 "}
{"level":30,"time":"15-Jan-2023 01:50:51 051","pid":20652,"hostname":"MSI","name":"UNIT-TEST","msg":"Connected to database - localhost/UNIT-TEST successfully'"}
{"level":30,"time":"15-Jan-2023 01:50:51 051","pid":20652,"hostname":"MSI","name":"UNIT-TEST","msg":"Server started on port 5000 "}
